INFO:DTC.noise_correction:Safe-areas: dict_keys([(4566.56, 4468.02), (4114.31, 3785.89), (4641.48, 4990.39), (3643.35, 5220.66), (4522.39, 4440.78)]) have been removed in  0.00 seconds
INFO:DTC.noise_correction:Safe-areas updated in  27.46 seconds
INFO:DTC.noise_correction:Created the safe-areas: dict_keys([(4645.17, 4981.5), (4571.0, 4468.5), (4517.9, 4441.7), (3642.0, 5219.5), (4118.75, 3785.0)])
INFO:DTC.noise_correction:Number of remaining safe areas: 10829
INFO:DTC.noise_correction:Safe-areas: dict_keys([(3578.77, 4948.81)]) have been removed in  0.00 seconds
INFO:DTC.noise_correction:Safe-areas updated in  23.27 seconds
INFO:DTC.noise_correction:Created the safe-areas: dict_keys([(3572.75, 4952.5)])
INFO:DTC.noise_correction:Number of remaining safe areas: 10833
INFO:DTC.noise_correction:Safe-areas: dict_keys([(3863.99, 3787.9), (3859.65, 4040.46), (3899.45, 4029.24), (3808.49, 4021.41)]) have been removed in  0.00 seconds
INFO:DTC.noise_correction:Safe-areas updated in  26.34 seconds
INFO:DTC.noise_correction:Created the safe-areas: dict_keys([(3865.0, 3784.5), (3858.5, 4046.0), (3897.0, 4024.75), (3812.0, 4022.5)])
INFO:DTC.noise_correction:Number of remaining safe areas: 10830
INFO:DTC.noise_correction:Safe-areas: dict_keys([(4275.83, 4361.38)]) have been removed in  0.00 seconds
INFO:DTC.noise_correction:Safe-areas updated in  58.41 seconds
INFO:DTC.noise_correction:Created the safe-areas: dict_keys([(4277.5, 4364.5)])
INFO:DTC.noise_correction:Number of remaining safe areas: 10833
INFO:DTC.noise_correction:Safe-areas: dict_keys([(3374.35, 4984.71)]) have been removed in  0.00 seconds
INFO:DTC.noise_correction:Safe-areas updated in  24.34 seconds
INFO:DTC.noise_correction:Created the safe-areas: dict_keys([(3370.5, 4984.5)])
INFO:DTC.noise_correction:Number of remaining safe areas: 10833
INFO:DTC.noise_correction:Safe-areas: dict_keys([(4279.5, 4503.71)]) have been removed in  0.00 seconds
INFO:DTC.noise_correction:Safe-areas updated in  23.39 seconds
INFO:DTC.noise_correction:Created the safe-areas: dict_keys([(4281.0, 4500.5)])
INFO:DTC.noise_correction:Number of remaining safe areas: 10833
INFO:DTC.noise_correction:Safe-areas: dict_keys([(3684.9, 3620.98), (2975.47, 5222.88)]) have been removed in  0.00 seconds
INFO:DTC.noise_correction:Safe-areas updated in  25.11 seconds
INFO:DTC.noise_correction:Created the safe-areas: dict_keys([(3690.0, 3621.0), (2980.0, 5228.5)])
INFO:DTC.noise_correction:Number of remaining safe areas: 10832
INFO:DTC.noise_correction:Safe-areas: dict_keys([(3733.3, 3390.4)]) have been removed in  0.00 seconds
INFO:DTC.noise_correction:Safe-areas updated in  26.19 seconds
INFO:DTC.noise_correction:Created the safe-areas: dict_keys([(3736.5, 3387.0)])
INFO:DTC.noise_correction:Number of remaining safe areas: 10833
INFO:DTC.noise_correction:Safe-areas: dict_keys([(4347.9, 4535.22)]) have been removed in  0.00 seconds
INFO:DTC.noise_correction:Safe-areas updated in  21.22 seconds
INFO:DTC.noise_correction:Created the safe-areas: dict_keys([])
INFO:DTC.noise_correction:Number of remaining safe areas: 10833
INFO:DTC.noise_correction:Safe-areas: dict_keys([(4664.88, 1048.94)]) have been removed in  0.00 seconds
INFO:DTC.noise_correction:Safe-areas updated in  23.04 seconds
INFO:DTC.noise_correction:Created the safe-areas: dict_keys([])
INFO:DTC.noise_correction:Number of remaining safe areas: 10832
INFO:DTC.noise_correction:Safe-areas: dict_keys([(3553.07, 5471.24)]) have been removed in  0.00 seconds
INFO:DTC.noise_correction:Safe-areas updated in  22.09 seconds
INFO:DTC.noise_correction:Created the safe-areas: dict_keys([(3555.0, 5473.0)])
INFO:DTC.noise_correction:Number of remaining safe areas: 10831
INFO:DTC.noise_correction:Safe-areas: dict_keys([(4882.65, 4874.08)]) have been removed in  0.00 seconds
INFO:DTC.noise_correction:Safe-areas updated in  21.85 seconds
INFO:DTC.noise_correction:Created the safe-areas: dict_keys([])
INFO:DTC.noise_correction:Number of remaining safe areas: 10831
INFO:DTC.noise_correction:Safe-areas: dict_keys([(5044.76, 4897.06), (5049.0, 4882.68), (4130.28, 4017.23)]) have been removed in  0.00 seconds
INFO:DTC.noise_correction:Safe-areas updated in  26.14 seconds
INFO:DTC.noise_correction:Created the safe-areas: dict_keys([(5050.0, 4872.5), (4129.0, 4019.5)])
INFO:DTC.noise_correction:Number of remaining safe areas: 10828
INFO:DTC.noise_correction:Safe-areas: dict_keys([(4449.9, 5358.29)]) have been removed in  0.00 seconds
INFO:DTC.noise_correction:Safe-areas updated in  23.91 seconds
INFO:DTC.noise_correction:Created the safe-areas: dict_keys([(4448.17, 5354.83)])
INFO:DTC.noise_correction:Number of remaining safe areas: 10829
INFO:DTC.noise_correction:Safe-areas: dict_keys([(3705.84, 4449.82)]) have been removed in  0.00 seconds
INFO:DTC.noise_correction:Safe-areas updated in  22.56 seconds
INFO:DTC.noise_correction:Created the safe-areas: dict_keys([(3705.0, 4448.0)])
INFO:DTC.noise_correction:Number of remaining safe areas: 10829
INFO:DTC.noise_correction:Safe-areas: dict_keys([(3171.73, 4992.06)]) have been removed in  0.00 seconds
INFO:DTC.noise_correction:Safe-areas updated in  23.01 seconds
INFO:DTC.noise_correction:Created the safe-areas: dict_keys([(3171.17, 4990.83)])
INFO:DTC.noise_correction:Number of remaining safe areas: 10829
INFO:DTC.noise_correction:Safe-areas: dict_keys([(5135.17, 1056.79)]) have been removed in  0.00 seconds
INFO:DTC.noise_correction:Safe-areas updated in  22.43 seconds
INFO:DTC.noise_correction:Created the safe-areas: dict_keys([])
INFO:DTC.noise_correction:Number of remaining safe areas: 10829
INFO:DTC.noise_correction:Safe-areas: dict_keys([(5039.74, 5747.49)]) have been removed in  0.00 seconds
INFO:DTC.noise_correction:Safe-areas updated in  25.18 seconds
INFO:DTC.noise_correction:Created the safe-areas: dict_keys([(5044.5, 5746.5)])
INFO:DTC.noise_correction:Number of remaining safe areas: 10828
INFO:DTC.noise_correction:Safe-areas: dict_keys([(3629.28, 5233.71)]) have been removed in  0.00 seconds
INFO:DTC.noise_correction:Safe-areas updated in  25.65 seconds
INFO:DTC.noise_correction:Created the safe-areas: dict_keys([(3634.5, 5237.0)])
INFO:DTC.noise_correction:Number of remaining safe areas: 10828
INFO:DTC.noise_correction:Safe-areas: dict_keys([(4636.62, 5465.95), (4403.42, 5233.04)]) have been removed in  0.00 seconds
INFO:DTC.noise_correction:Safe-areas updated in  28.52 seconds
INFO:DTC.noise_correction:Created the safe-areas: dict_keys([(4400.9, 5237.7), (4627.0, 5454.0)])
INFO:DTC.noise_correction:Number of remaining safe areas: 10827
INFO:DTC.noise_correction:Safe-areas: dict_keys([(3858.57, 4006.65), (2978.41, 4980.87)]) have been removed in  0.00 seconds
INFO:DTC.noise_correction:Safe-areas updated in  25.14 seconds
INFO:DTC.noise_correction:Created the safe-areas: dict_keys([(2975.5, 4981.17), (3860.5, 4011.5)])
INFO:DTC.noise_correction:Number of remaining safe areas: 10827
INFO:DTC.noise_correction:Safe-areas: dict_keys([(4736.84, 4952.58), (4929.64, 3787.73)]) have been removed in  0.00 seconds
INFO:DTC.noise_correction:Safe-areas updated in  23.21 seconds
INFO:DTC.noise_correction:Created the safe-areas: dict_keys([(4737.0, 4952.0)])
INFO:DTC.noise_correction:Number of remaining safe areas: 10827
INFO:DTC.noise_correction:Safe-areas: dict_keys([(3058.52, 5200.16)]) have been removed in  0.00 seconds
INFO:DTC.noise_correction:Safe-areas updated in  24.20 seconds
INFO:DTC.noise_correction:Created the safe-areas: dict_keys([(3062.5, 5200.17)])
INFO:DTC.noise_correction:Number of remaining safe areas: 10827
INFO:DTC.noise_correction:Safe-areas: dict_keys([(3576.96, 4836.65), (3849.54, 4207.03), (3874.72, 3565.61), (5286.61, 3795.82)]) have been removed in  0.00 seconds
INFO:DTC.noise_correction:Safe-areas updated in  27.37 seconds
INFO:DTC.noise_correction:Created the safe-areas: dict_keys([(5273.5, 3791.5), (3875.5, 3556.0), (3846.83, 4208.83), (5290.5, 3803.5), (3577.0, 4836.0)])
INFO:DTC.noise_correction:Number of remaining safe areas: 10824
INFO:DTC.noise_correction:Safe-areas: dict_keys([(5284.93, 4199.67)]) have been removed in  0.00 seconds
INFO:DTC.noise_correction:Safe-areas updated in  22.34 seconds
INFO:DTC.noise_correction:Created the safe-areas: dict_keys([])
INFO:DTC.noise_correction:Number of remaining safe areas: 10828
INFO:DTC.noise_correction:Safe-areas: dict_keys([(3804.46, 3003.88), (4339.45, 4025.18), (5024.31, 3902.93)]) have been removed in  0.00 seconds
INFO:DTC.noise_correction:Safe-areas updated in  24.82 seconds
INFO:DTC.noise_correction:Created the safe-areas: dict_keys([(4343.5, 4026.17), (3804.17, 3003.17), (5023.5, 3910.5)])
INFO:DTC.noise_correction:Number of remaining safe areas: 10825
INFO:DTC.noise_correction:Safe-areas: dict_keys([(3989.44, 3464.24), (3955.4, 3809.66), (3846.85, 4351.73), (3804.33, 2926.66)]) have been removed in  0.00 seconds
INFO:DTC.noise_correction:Safe-areas updated in  27.82 seconds
INFO:DTC.noise_correction:Created the safe-areas: dict_keys([(3846.5, 4355.0), (3983.5, 3460.5), (3806.0, 2930.0), (3952.5, 3808.0)])
INFO:DTC.noise_correction:Number of remaining safe areas: 10824
INFO:DTC.noise_correction:Safe-areas: dict_keys([(4138.63, 4191.63), (4339.64, 4375.12)]) have been removed in  0.00 seconds
INFO:DTC.noise_correction:Safe-areas updated in  25.41 seconds
INFO:DTC.noise_correction:Created the safe-areas: dict_keys([(4138.75, 4192.5), (4327.5, 4370.5)])
INFO:DTC.noise_correction:Number of remaining safe areas: 10826
INFO:DTC.noise_correction:Safe-areas: dict_keys([(5264.33, 3621.67), (4992.82, 4873.37)]) have been removed in  0.00 seconds
INFO:DTC.noise_correction:Safe-areas updated in  29.40 seconds
INFO:DTC.noise_correction:Created the safe-areas: dict_keys([(4991.5, 4873.5)])
INFO:DTC.noise_correction:Number of remaining safe areas: 10826
INFO:DTC.noise_correction:Safe-areas: dict_keys([(2984.35, 1125.34), (4814.74, 3954.71)]) have been removed in  0.00 seconds
INFO:DTC.noise_correction:Safe-areas updated in  29.06 seconds
INFO:DTC.noise_correction:Created the safe-areas: dict_keys([(4816.17, 3952.83), (2979.5, 1128.5)])
INFO:DTC.noise_correction:Number of remaining safe areas: 10825
INFO:DTC.noise_correction:Safe-areas: dict_keys([(4650.92, 5024.59), (4810.98, 4899.43), (5040.36, 4768.56), (2379.0, 2398.97)]) have been removed in  0.00 seconds
INFO:DTC.noise_correction:Safe-areas updated in  27.34 seconds
INFO:DTC.noise_correction:Created the safe-areas: dict_keys([(4806.5, 4892.5), (2377.17, 2396.5), (4649.5, 5026.0)])
INFO:DTC.noise_correction:Number of remaining safe areas: 10823
INFO:DTC.noise_correction:Safe-areas: dict_keys([(1798.3, 4182.73), (2761.97, 4785.66)]) have been removed in  0.00 seconds
INFO:DTC.noise_correction:Safe-areas updated in  28.02 seconds
INFO:DTC.noise_correction:Created the safe-areas: dict_keys([(1795.17, 4181.83), (2764.33, 4789.0)])
INFO:DTC.noise_correction:Number of remaining safe areas: 10824
INFO:DTC.noise_correction:Safe-areas: dict_keys([(3039.25, 3044.0)]) have been removed in  0.00 seconds
INFO:DTC.noise_correction:Safe-areas updated in  25.21 seconds
INFO:DTC.noise_correction:Created the safe-areas: dict_keys([(3042.83, 3044.17)])
INFO:DTC.noise_correction:Number of remaining safe areas: 10825
INFO:DTC.noise_correction:Safe-areas: dict_keys([(4336.25, 3482.72)]) have been removed in  0.00 seconds
INFO:DTC.noise_correction:Safe-areas updated in  24.53 seconds
INFO:DTC.noise_correction:Created the safe-areas: dict_keys([(4339.5, 3479.0)])
INFO:DTC.noise_correction:Number of remaining safe areas: 10825
INFO:DTC.noise_correction:Safe-areas: dict_keys([(4013.6, 3805.26), (4130.91, 3567.65), (5047.69, 3629.04), (5277.79, 3645.58)]) have been removed in  0.00 seconds
INFO:DTC.noise_correction:Safe-areas updated in  30.11 seconds
INFO:DTC.noise_correction:Created the safe-areas: dict_keys([(4013.83, 3801.17), (4132.5, 3568.83), (5280.5, 3644.75), (5048.0, 3626.0)])
INFO:DTC.noise_correction:Number of remaining safe areas: 10822
INFO:DTC.noise_correction:Safe-areas: dict_keys([(3202.62, 4164.02), (3419.11, 4153.49), (3466.6, 3620.62)]) have been removed in  0.00 seconds
INFO:DTC.noise_correction:Safe-areas updated in  30.35 seconds
INFO:DTC.noise_correction:Created the safe-areas: dict_keys([(3203.0, 4160.0), (3420.17, 4116.83), (3464.5, 3615.5)])
INFO:DTC.noise_correction:Number of remaining safe areas: 10823
INFO:DTC.noise_correction:Safe-areas: dict_keys([(4795.08, 3124.81)]) have been removed in  0.00 seconds
INFO:DTC.noise_correction:Safe-areas updated in  24.35 seconds
INFO:DTC.noise_correction:Created the safe-areas: dict_keys([(4784.0, 3127.0)])
INFO:DTC.noise_correction:Number of remaining safe areas: 10825
INFO:DTC.noise_correction:Safe-areas: dict_keys([(3869.12, 3635.48)]) have been removed in  0.00 seconds
INFO:DTC.noise_correction:Safe-areas updated in  23.92 seconds
INFO:DTC.noise_correction:Created the safe-areas: dict_keys([(3867.5, 3632.17)])
INFO:DTC.noise_correction:Number of remaining safe areas: 10825
INFO:DTC.noise_correction:Safe-areas: dict_keys([(3892.8, 4141.05), (4224.55, 4323.66), (4616.85, 5753.74), (4452.64, 5191.37)]) have been removed in  0.00 seconds
INFO:DTC.noise_correction:Safe-areas updated in  31.10 seconds
INFO:DTC.noise_correction:Created the safe-areas: dict_keys([(4624.5, 5754.5), (4230.5, 4323.9), (4454.17, 5191.83), (3893.67, 4146.67)])
INFO:DTC.noise_correction:Number of remaining safe areas: 10822
INFO:DTC.noise_correction:Safe-areas: dict_keys([(4799.43, 4575.76)]) have been removed in  0.00 seconds
INFO:DTC.noise_correction:Safe-areas: dict_keys([(4566.56, 4468.02), (4114.31, 3785.89), (4641.48, 4990.39), (3643.35, 5220.66), (4522.39, 4440.78)]) have been removed in  0.00 seconds
INFO:DTC.noise_correction:Safe-areas updated in  18.66 seconds
INFO:DTC.noise_correction:Created the safe-areas: dict_keys([(4645.17, 4981.5), (4571.0, 4468.5), (4517.9, 4441.7), (3642.0, 5219.5), (4118.75, 3785.0)])
INFO:DTC.noise_correction:Number of remaining safe areas: 10829
INFO:DTC.noise_correction:Safe-areas: dict_keys([(3578.77, 4948.81)]) have been removed in  0.00 seconds
INFO:DTC.noise_correction:Safe-areas updated in  18.82 seconds
INFO:DTC.noise_correction:Created the safe-areas: dict_keys([(3572.75, 4952.5)])
INFO:DTC.noise_correction:Number of remaining safe areas: 10833
INFO:DTC.noise_correction:Safe-areas: dict_keys([(3863.99, 3787.9), (3859.65, 4040.46), (3899.45, 4029.24), (3808.49, 4021.41)]) have been removed in  0.00 seconds
INFO:DTC.noise_correction:Safe-areas updated in  19.69 seconds
INFO:DTC.noise_correction:Created the safe-areas: dict_keys([(3865.0, 3784.5), (3858.5, 4046.0), (3897.0, 4024.75), (3812.0, 4022.5)])
INFO:DTC.noise_correction:Number of remaining safe areas: 10830
INFO:DTC.noise_correction:Safe-areas: dict_keys([(4275.83, 4361.38)]) have been removed in  0.00 seconds
INFO:DTC.noise_correction:Safe-areas updated in  18.86 seconds
INFO:DTC.noise_correction:Created the safe-areas: dict_keys([(4277.5, 4364.5)])
INFO:DTC.noise_correction:Number of remaining safe areas: 10833
INFO:DTC.noise_correction:Safe-areas: dict_keys([(3374.35, 4984.71)]) have been removed in  0.00 seconds
INFO:DTC.noise_correction:Safe-areas updated in  18.62 seconds
INFO:DTC.noise_correction:Created the safe-areas: dict_keys([(3370.5, 4984.5)])
INFO:DTC.noise_correction:Number of remaining safe areas: 10833
INFO:DTC.noise_correction:Safe-areas: dict_keys([(4279.5, 4503.71)]) have been removed in  0.00 seconds
INFO:DTC.noise_correction:Safe-areas updated in  18.54 seconds
INFO:DTC.noise_correction:Created the safe-areas: dict_keys([(4281.0, 4500.5)])
INFO:DTC.noise_correction:Number of remaining safe areas: 10833
INFO:DTC.noise_correction:Safe-areas: dict_keys([(3684.9, 3620.98), (2975.47, 5222.88)]) have been removed in  0.00 seconds
INFO:DTC.noise_correction:Safe-areas updated in  18.77 seconds
INFO:DTC.noise_correction:Created the safe-areas: dict_keys([(3690.0, 3621.0), (2980.0, 5228.5)])
INFO:DTC.noise_correction:Number of remaining safe areas: 10832
INFO:DTC.noise_correction:Safe-areas: dict_keys([(3733.3, 3390.4)]) have been removed in  0.00 seconds
INFO:DTC.noise_correction:Safe-areas updated in  19.29 seconds
INFO:DTC.noise_correction:Created the safe-areas: dict_keys([(3736.5, 3387.0)])
INFO:DTC.noise_correction:Number of remaining safe areas: 10833
INFO:DTC.noise_correction:Safe-areas: dict_keys([(4347.9, 4535.22)]) have been removed in  0.00 seconds
INFO:DTC.noise_correction:Safe-areas updated in  18.28 seconds
INFO:DTC.noise_correction:Created the safe-areas: dict_keys([])
INFO:DTC.noise_correction:Number of remaining safe areas: 10833
INFO:DTC.noise_correction:Safe-areas: dict_keys([(4664.88, 1048.94)]) have been removed in  0.00 seconds
INFO:DTC.noise_correction:Safe-areas updated in  18.99 seconds
INFO:DTC.noise_correction:Created the safe-areas: dict_keys([])
INFO:DTC.noise_correction:Number of remaining safe areas: 10832
INFO:DTC.noise_correction:Safe-areas: dict_keys([(3553.07, 5471.24)]) have been removed in  0.00 seconds
INFO:DTC.noise_correction:Safe-areas updated in  18.41 seconds
INFO:DTC.noise_correction:Created the safe-areas: dict_keys([(3555.0, 5473.0)])
INFO:DTC.noise_correction:Number of remaining safe areas: 10831
INFO:DTC.noise_correction:Safe-areas: dict_keys([(4882.65, 4874.08)]) have been removed in  0.00 seconds
INFO:DTC.noise_correction:Safe-areas updated in  18.38 seconds
INFO:DTC.noise_correction:Created the safe-areas: dict_keys([])
INFO:DTC.noise_correction:Number of remaining safe areas: 10831
INFO:DTC.noise_correction:Safe-areas: dict_keys([(5044.76, 4897.06), (5049.0, 4882.68), (4130.28, 4017.23)]) have been removed in  0.00 seconds
INFO:DTC.noise_correction:Safe-areas updated in  19.54 seconds
INFO:DTC.noise_correction:Created the safe-areas: dict_keys([(5050.0, 4872.5), (4129.0, 4019.5)])
INFO:DTC.noise_correction:Number of remaining safe areas: 10828
INFO:DTC.noise_correction:Safe-areas: dict_keys([(4449.9, 5358.29)]) have been removed in  0.00 seconds
INFO:DTC.noise_correction:Safe-areas updated in  18.70 seconds
INFO:DTC.noise_correction:Created the safe-areas: dict_keys([(4448.17, 5354.83)])
INFO:DTC.noise_correction:Number of remaining safe areas: 10829
INFO:DTC.noise_correction:Safe-areas: dict_keys([(3705.84, 4449.82)]) have been removed in  0.00 seconds
INFO:DTC.noise_correction:Safe-areas updated in  18.47 seconds
INFO:DTC.noise_correction:Created the safe-areas: dict_keys([(3705.0, 4448.0)])
INFO:DTC.noise_correction:Number of remaining safe areas: 10829
INFO:DTC.noise_correction:Safe-areas: dict_keys([(3171.73, 4992.06)]) have been removed in  0.00 seconds
INFO:DTC.noise_correction:Safe-areas updated in  18.46 seconds
INFO:DTC.noise_correction:Created the safe-areas: dict_keys([(3171.17, 4990.83)])
INFO:DTC.noise_correction:Number of remaining safe areas: 10829
INFO:DTC.noise_correction:Safe-areas: dict_keys([(5135.17, 1056.79)]) have been removed in  0.00 seconds
INFO:DTC.noise_correction:Safe-areas updated in  18.97 seconds
INFO:DTC.noise_correction:Created the safe-areas: dict_keys([])
INFO:DTC.noise_correction:Number of remaining safe areas: 10829
INFO:DTC.noise_correction:Safe-areas: dict_keys([(5039.74, 5747.49)]) have been removed in  0.00 seconds
INFO:DTC.noise_correction:Safe-areas updated in  18.83 seconds
INFO:DTC.noise_correction:Created the safe-areas: dict_keys([(5044.5, 5746.5)])
INFO:DTC.noise_correction:Number of remaining safe areas: 10828
INFO:DTC.noise_correction:Safe-areas: dict_keys([(3629.28, 5233.71)]) have been removed in  0.00 seconds
INFO:DTC.noise_correction:Safe-areas updated in  18.87 seconds
INFO:DTC.noise_correction:Created the safe-areas: dict_keys([(3634.5, 5237.0)])
INFO:DTC.noise_correction:Number of remaining safe areas: 10828
INFO:DTC.noise_correction:Safe-areas: dict_keys([(4636.62, 5465.95), (4403.42, 5233.04)]) have been removed in  0.00 seconds
INFO:DTC.noise_correction:Safe-areas updated in  19.43 seconds
INFO:DTC.noise_correction:Created the safe-areas: dict_keys([(4400.9, 5237.7), (4627.0, 5454.0)])
INFO:DTC.noise_correction:Number of remaining safe areas: 10827
INFO:DTC.noise_correction:Safe-areas: dict_keys([(3858.57, 4006.65), (2978.41, 4980.87)]) have been removed in  0.00 seconds
INFO:DTC.noise_correction:Safe-areas updated in  19.23 seconds
INFO:DTC.noise_correction:Created the safe-areas: dict_keys([(2975.5, 4981.17), (3860.5, 4011.5)])
INFO:DTC.noise_correction:Number of remaining safe areas: 10827
INFO:DTC.noise_correction:Safe-areas: dict_keys([(4736.84, 4952.58), (4929.64, 3787.73)]) have been removed in  0.00 seconds
INFO:DTC.noise_correction:Safe-areas updated in  19.02 seconds
INFO:DTC.noise_correction:Created the safe-areas: dict_keys([(4737.0, 4952.0)])
INFO:DTC.noise_correction:Number of remaining safe areas: 10827
INFO:DTC.noise_correction:Safe-areas: dict_keys([(3058.52, 5200.16)]) have been removed in  0.00 seconds
INFO:DTC.noise_correction:Safe-areas updated in  19.06 seconds
INFO:DTC.noise_correction:Created the safe-areas: dict_keys([(3062.5, 5200.17)])
INFO:DTC.noise_correction:Number of remaining safe areas: 10827
INFO:DTC.noise_correction:Safe-areas: dict_keys([(3576.96, 4836.65), (3849.54, 4207.03), (3874.72, 3565.61), (5286.61, 3795.82)]) have been removed in  0.00 seconds
INFO:DTC.noise_correction:Safe-areas updated in  19.90 seconds
INFO:DTC.noise_correction:Created the safe-areas: dict_keys([(5273.5, 3791.5), (3875.5, 3556.0), (3846.83, 4208.83), (5290.5, 3803.5), (3577.0, 4836.0)])
INFO:DTC.noise_correction:Number of remaining safe areas: 10824
INFO:DTC.noise_correction:Safe-areas: dict_keys([(5284.93, 4199.67)]) have been removed in  0.00 seconds
INFO:DTC.noise_correction:Safe-areas updated in  18.63 seconds
INFO:DTC.noise_correction:Created the safe-areas: dict_keys([])
INFO:DTC.noise_correction:Number of remaining safe areas: 10828
INFO:DTC.noise_correction:Safe-areas: dict_keys([(3804.46, 3003.88), (4339.45, 4025.18), (5024.31, 3902.93)]) have been removed in  0.00 seconds
INFO:DTC.noise_correction:Safe-areas updated in  20.05 seconds
INFO:DTC.noise_correction:Created the safe-areas: dict_keys([(4343.5, 4026.17), (3804.17, 3003.17), (5023.5, 3910.5)])
INFO:DTC.noise_correction:Number of remaining safe areas: 10825
INFO:DTC.noise_correction:Safe-areas: dict_keys([(3989.44, 3464.24), (3955.4, 3809.66), (3846.85, 4351.73), (3804.33, 2926.66)]) have been removed in  0.00 seconds
INFO:DTC.noise_correction:Safe-areas updated in  19.87 seconds
INFO:DTC.noise_correction:Created the safe-areas: dict_keys([(3846.5, 4355.0), (3983.5, 3460.5), (3806.0, 2930.0), (3952.5, 3808.0)])
INFO:DTC.noise_correction:Number of remaining safe areas: 10824
INFO:DTC.noise_correction:Safe-areas: dict_keys([(4138.63, 4191.63), (4339.64, 4375.12)]) have been removed in  0.00 seconds
INFO:DTC.noise_correction:Safe-areas updated in  19.28 seconds
INFO:DTC.noise_correction:Created the safe-areas: dict_keys([(4138.75, 4192.5), (4327.5, 4370.5)])
INFO:DTC.noise_correction:Number of remaining safe areas: 10826
INFO:DTC.noise_correction:Safe-areas: dict_keys([(5264.33, 3621.67), (4992.82, 4873.37)]) have been removed in  0.00 seconds
INFO:DTC.noise_correction:Safe-areas updated in  20.26 seconds
INFO:DTC.noise_correction:Created the safe-areas: dict_keys([(4991.5, 4873.5)])
INFO:DTC.noise_correction:Number of remaining safe areas: 10826
INFO:DTC.noise_correction:Safe-areas: dict_keys([(2984.35, 1125.34), (4814.74, 3954.71)]) have been removed in  0.00 seconds
INFO:DTC.noise_correction:Safe-areas updated in  19.82 seconds
INFO:DTC.noise_correction:Created the safe-areas: dict_keys([(4816.17, 3952.83), (2979.5, 1128.5)])
INFO:DTC.noise_correction:Number of remaining safe areas: 10825
INFO:DTC.noise_correction:Safe-areas: dict_keys([(4650.92, 5024.59), (4810.98, 4899.43), (5040.36, 4768.56), (2379.0, 2398.97)]) have been removed in  0.00 seconds
INFO:DTC.noise_correction:Safe-areas updated in  19.53 seconds
INFO:DTC.noise_correction:Created the safe-areas: dict_keys([(4806.5, 4892.5), (2377.17, 2396.5), (4649.5, 5026.0)])
INFO:DTC.noise_correction:Number of remaining safe areas: 10823
INFO:DTC.noise_correction:Safe-areas: dict_keys([(1798.3, 4182.73), (2761.97, 4785.66)]) have been removed in  0.00 seconds
INFO:DTC.noise_correction:Safe-areas updated in  20.01 seconds
INFO:DTC.noise_correction:Created the safe-areas: dict_keys([(1795.17, 4181.83), (2764.33, 4789.0)])
INFO:DTC.noise_correction:Number of remaining safe areas: 10824
INFO:DTC.noise_correction:Safe-areas: dict_keys([(3039.25, 3044.0)]) have been removed in  0.00 seconds
INFO:DTC.noise_correction:Safe-areas updated in  19.48 seconds
INFO:DTC.noise_correction:Created the safe-areas: dict_keys([(3042.83, 3044.17)])
INFO:DTC.noise_correction:Number of remaining safe areas: 10825
INFO:DTC.noise_correction:Safe-areas: dict_keys([(4336.25, 3482.72)]) have been removed in  0.00 seconds
INFO:DTC.noise_correction:Safe-areas updated in  18.81 seconds
INFO:DTC.noise_correction:Created the safe-areas: dict_keys([(4339.5, 3479.0)])
INFO:DTC.noise_correction:Number of remaining safe areas: 10825
INFO:DTC.noise_correction:Safe-areas: dict_keys([(4013.6, 3805.26), (4130.91, 3567.65), (5047.69, 3629.04), (5277.79, 3645.58)]) have been removed in  0.00 seconds
INFO:DTC.noise_correction:Safe-areas updated in  20.41 seconds
INFO:DTC.noise_correction:Created the safe-areas: dict_keys([(4013.83, 3801.17), (4132.5, 3568.83), (5280.5, 3644.75), (5048.0, 3626.0)])
INFO:DTC.noise_correction:Number of remaining safe areas: 10822
INFO:DTC.noise_correction:Safe-areas: dict_keys([(3202.62, 4164.02), (3419.11, 4153.49), (3466.6, 3620.62)]) have been removed in  0.00 seconds
INFO:DTC.noise_correction:Safe-areas updated in  20.66 seconds
INFO:DTC.noise_correction:Created the safe-areas: dict_keys([(3203.0, 4160.0), (3420.17, 4116.83), (3464.5, 3615.5)])
INFO:DTC.noise_correction:Number of remaining safe areas: 10823
INFO:DTC.noise_correction:Safe-areas: dict_keys([(4795.08, 3124.81)]) have been removed in  0.00 seconds
INFO:DTC.noise_correction:Safe-areas updated in  19.31 seconds
INFO:DTC.noise_correction:Created the safe-areas: dict_keys([(4784.0, 3127.0)])
INFO:DTC.noise_correction:Number of remaining safe areas: 10825
INFO:DTC.noise_correction:Safe-areas: dict_keys([(3869.12, 3635.48)]) have been removed in  0.00 seconds
INFO:DTC.noise_correction:Safe-areas updated in  18.71 seconds
INFO:DTC.noise_correction:Created the safe-areas: dict_keys([(3867.5, 3632.17)])
INFO:DTC.noise_correction:Number of remaining safe areas: 10825
INFO:DTC.noise_correction:Safe-areas: dict_keys([(3892.8, 4141.05), (4224.55, 4323.66), (4616.85, 5753.74), (4452.64, 5191.37)]) have been removed in  0.00 seconds
INFO:DTC.noise_correction:Safe-areas updated in  19.53 seconds
INFO:DTC.noise_correction:Created the safe-areas: dict_keys([(4624.5, 5754.5), (4230.5, 4323.9), (4454.17, 5191.83), (3893.67, 4146.67)])
INFO:DTC.noise_correction:Number of remaining safe areas: 10822
INFO:DTC.noise_correction:Safe-areas: dict_keys([(4799.43, 4575.76)]) have been removed in  0.00 seconds
INFO:DTC.noise_correction:Safe-areas updated in  19.01 seconds
INFO:DTC.noise_correction:Created the safe-areas: dict_keys([(4792.5, 4576.0)])
INFO:DTC.noise_correction:Number of remaining safe areas: 10825
INFO:DTC.noise_correction:Safe-areas: dict_keys([(3401.11, 5327.66), (3408.72, 4807.82)]) have been removed in  0.00 seconds
INFO:DTC.noise_correction:Safe-areas updated in  19.18 seconds
INFO:DTC.noise_correction:Created the safe-areas: dict_keys([(3405.5, 5329.5), (3407.83, 4807.17)])
INFO:DTC.noise_correction:Number of remaining safe areas: 10824
INFO:DTC.noise_correction:Safe-areas: dict_keys([(4321.0, 3498.36), (4434.65, 2878.46), (3679.96, 3459.24)]) have been removed in  0.00 seconds
INFO:DTC.noise_correction:Safe-areas updated in  19.26 seconds
INFO:DTC.noise_correction:Created the safe-areas: dict_keys([(3683.25, 3462.0), (4325.0, 3493.75)])
INFO:DTC.noise_correction:Number of remaining safe areas: 10823
INFO:DTC.noise_correction:Safe-areas: dict_keys([(4130.17, 3873.68), (3578.97, 4804.1), (3690.17, 5071.39), (3433.49, 3885.77), (3702.68, 4652.66)]) have been removed in  0.00 seconds
INFO:DTC.noise_correction:Safe-areas updated in  20.40 seconds
INFO:DTC.noise_correction:Created the safe-areas: dict_keys([(3583.0, 4801.5), (3689.0, 5066.0), (3439.5, 3881.5), (3702.0, 4662.0), (4132.75, 3874.25)])
INFO:DTC.noise_correction:Number of remaining safe areas: 10820
INFO:DTC.noise_correction:Safe-areas: dict_keys([(3700.45, 3622.07), (1736.55, 3511.44)]) have been removed in  0.00 seconds
INFO:DTC.noise_correction:Safe-areas updated in  19.18 seconds
INFO:DTC.noise_correction:Created the safe-areas: dict_keys([(1730.5, 3508.83), (3704.1, 3622.3)])
INFO:DTC.noise_correction:Number of remaining safe areas: 10823
INFO:DTC.noise_correction:Safe-areas: dict_keys([(5165.38, 3435.07), (4015.46, 3134.79), (3867.81, 4598.22), (4136.59, 4030.93), (5287.38, 3813.45), (4520.59, 4027.09), (4795.96, 4025.11)]) have been removed in  0.00 seconds
INFO:DTC.noise_correction:Safe-areas updated in  19.73 seconds
INFO:DTC.noise_correction:Created the safe-areas: dict_keys([(4018.5, 3136.0), (4798.3, 4025.3), (5171.5, 3446.5), (3864.0, 4598.75), (4522.5, 4026.0)])
INFO:DTC.noise_correction:Number of remaining safe areas: 10818
INFO:DTC.noise_correction:Safe-areas: dict_keys([(4079.59, 4667.82)]) have been removed in  0.00 seconds
INFO:DTC.noise_correction:Safe-areas updated in  18.72 seconds
INFO:DTC.noise_correction:Created the safe-areas: dict_keys([(4076.5, 4671.83)])
INFO:DTC.noise_correction:Number of remaining safe areas: 10822
INFO:DTC.noise_correction:Safe-areas: dict_keys([(2884.41, 3778.59)]) have been removed in  0.00 seconds
INFO:DTC.noise_correction:Safe-areas updated in  18.61 seconds
INFO:DTC.noise_correction:Created the safe-areas: dict_keys([(2888.17, 3775.83)])
INFO:DTC.noise_correction:Number of remaining safe areas: 10822
INFO:DTC.noise_correction:Safe-areas: dict_keys([(3505.71, 3599.46), (3206.92, 4037.61), (3166.39, 4334.21)]) have been removed in  0.00 seconds
INFO:DTC.noise_correction:Safe-areas updated in  19.29 seconds
INFO:DTC.noise_correction:Created the safe-areas: dict_keys([(3511.0, 3601.5), (3166.83, 4341.83)])
INFO:DTC.noise_correction:Number of remaining safe areas: 10820
INFO:DTC.noise_correction:Safe-areas: dict_keys([(3407.16, 5677.72)]) have been removed in  0.00 seconds
INFO:DTC.noise_correction:Safe-areas updated in  19.05 seconds
INFO:DTC.noise_correction:Created the safe-areas: dict_keys([(3410.5, 5688.5)])
INFO:DTC.noise_correction:Number of remaining safe areas: 10821
INFO:DTC.noise_correction:Safe-areas: dict_keys([(3860.42, 3464.03)]) have been removed in  0.00 seconds
INFO:DTC.noise_correction:Safe-areas updated in  21.33 seconds
INFO:DTC.noise_correction:Created the safe-areas: dict_keys([(3865.5, 3468.0)])
INFO:DTC.noise_correction:Number of remaining safe areas: 10821
INFO:DTC.noise_correction:Safe-areas: dict_keys([(3936.64, 3427.37)]) have been removed in  0.00 seconds
INFO:DTC.noise_correction:Safe-areas updated in  21.29 seconds
INFO:DTC.noise_correction:Created the safe-areas: dict_keys([(3934.5, 3427.0)])
INFO:DTC.noise_correction:Number of remaining safe areas: 10821
INFO:DTC.noise_correction:Safe-areas: dict_keys([(3403.58, 5120.89), (2792.57, 5472.12), (2888.84, 5284.53)]) have been removed in  0.00 seconds
INFO:DTC.noise_correction:Safe-areas updated in  21.97 seconds
INFO:DTC.noise_correction:Created the safe-areas: dict_keys([(3401.5, 5124.33), (2787.5, 5483.5), (2892.5, 5279.5)])
INFO:DTC.noise_correction:Number of remaining safe areas: 10819
INFO:DTC.noise_correction:Safe-areas: dict_keys([(4815.79, 4276.67)]) have been removed in  0.00 seconds
INFO:DTC.noise_correction:Safe-areas updated in  19.98 seconds
INFO:DTC.noise_correction:Created the safe-areas: dict_keys([(4819.5, 4281.17)])
INFO:DTC.noise_correction:Number of remaining safe areas: 10821
INFO:DTC.noise_correction:Safe-areas: dict_keys([(4633.95, 4972.25), (4245.99, 3459.87), (4190.47, 3465.1), (3593.62, 5180.39), (4848.57, 3625.79), (4825.22, 3616.63)]) have been removed in  0.00 seconds
INFO:DTC.noise_correction:Safe-areas updated in  20.00 seconds
INFO:DTC.noise_correction:Created the safe-areas: dict_keys([(3582.0, 5181.0), (4246.7, 3464.1), (4636.0, 4977.5), (4198.5, 3463.5), (4827.0, 3622.5)])
INFO:DTC.noise_correction:Number of remaining safe areas: 10816
INFO:DTC.noise_correction:Safe-areas: dict_keys([(3565.3, 4022.86)]) have been removed in  0.00 seconds
INFO:DTC.noise_correction:Safe-areas updated in  19.02 seconds
INFO:DTC.noise_correction:Created the safe-areas: dict_keys([(3571.83, 4025.17)])
INFO:DTC.noise_correction:Number of remaining safe areas: 10820
INFO:DTC.noise_correction:Safe-areas: dict_keys([(2544.36, 3041.35), (1742.14, 3478.38), (2511.28, 4202.98), (3863.72, 3979.46), (3884.76, 3811.94), (2724.4, 3992.99)]) have been removed in  0.00 seconds
INFO:DTC.noise_correction:Safe-areas updated in  19.55 seconds
INFO:DTC.noise_correction:Created the safe-areas: dict_keys([(2723.5, 3987.5), (3860.17, 3979.5), (2514.17, 4203.83), (2542.75, 3042.25), (1743.83, 3481.17), (3876.0, 3815.0)])
INFO:DTC.noise_correction:Number of remaining safe areas: 10815
INFO:DTC.noise_correction:Safe-areas: dict_keys([(3123.5, 4794.62), (3124.63, 4017.51)]) have been removed in  0.00 seconds
INFO:DTC.noise_correction:Safe-areas updated in  19.08 seconds
INFO:DTC.noise_correction:Created the safe-areas: dict_keys([(3122.83, 4799.83), (3123.5, 4019.0)])
INFO:DTC.noise_correction:Number of remaining safe areas: 10819
INFO:DTC.noise_correction:Safe-areas: dict_keys([(3237.24, 4018.42), (3556.52, 3482.98), (3531.88, 3501.05)]) have been removed in  0.00 seconds
INFO:DTC.noise_correction:Safe-areas updated in  19.07 seconds
INFO:DTC.noise_correction:Created the safe-areas: dict_keys([(3553.17, 3487.83), (3527.5, 3507.5)])
INFO:DTC.noise_correction:Number of remaining safe areas: 10818
INFO:DTC.noise_correction:Safe-areas: dict_keys([(1960.4, 4460.42)]) have been removed in  0.00 seconds
INFO:DTC.noise_correction:Safe-areas updated in  18.59 seconds
INFO:DTC.noise_correction:Created the safe-areas: dict_keys([(1970.5, 4461.5)])
INFO:DTC.noise_correction:Number of remaining safe areas: 10819
INFO:DTC.noise_correction:Safe-areas: dict_keys([(4139.09, 4004.58), (4118.79, 4505.12)]) have been removed in  0.00 seconds
INFO:DTC.noise_correction:Safe-areas updated in  18.75 seconds
INFO:DTC.noise_correction:Created the safe-areas: dict_keys([(4115.5, 4505.5)])
INFO:DTC.noise_correction:Number of remaining safe areas: 10818
INFO:DTC.noise_correction:Safe-areas: dict_keys([(3414.74, 4651.48), (4687.89, 4549.48), (4812.91, 4805.33)]) have been removed in  0.00 seconds
INFO:DTC.noise_correction:Safe-areas updated in  19.09 seconds
INFO:DTC.noise_correction:Created the safe-areas: dict_keys([(3412.5, 4652.5), (4686.75, 4548.5)])
INFO:DTC.noise_correction:Number of remaining safe areas: 10816
INFO:DTC.noise_correction:Safe-areas: dict_keys([(2961.64, 5445.78)]) have been removed in  0.00 seconds
INFO:DTC.noise_correction:Safe-areas updated in  18.96 seconds
INFO:DTC.noise_correction:Created the safe-areas: dict_keys([(2950.5, 5446.5)])
INFO:DTC.noise_correction:Number of remaining safe areas: 10817
INFO:DTC.noise_correction:Safe-areas: dict_keys([(3570.15, 3941.83)]) have been removed in  0.00 seconds
INFO:DTC.noise_correction:Safe-areas updated in  18.63 seconds
INFO:DTC.noise_correction:Created the safe-areas: dict_keys([(3570.0, 3945.0)])
INFO:DTC.noise_correction:Number of remaining safe areas: 10817
INFO:DTC.noise_correction:Safe-areas: dict_keys([(4330.94, 4176.53), (1156.45, 4316.09), (1281.5, 3816.12)]) have been removed in  0.00 seconds
INFO:DTC.noise_correction:Safe-areas updated in  19.46 seconds
INFO:DTC.noise_correction:Created the safe-areas: dict_keys([(1222.5, 4312.83), (4335.5, 4180.83), (1289.0, 3819.0), (1149.5, 4315.5)])
INFO:DTC.noise_correction:Number of remaining safe areas: 10815
INFO:DTC.noise_correction:Safe-areas: dict_keys([(3529.05, 2004.44)]) have been removed in  0.00 seconds
INFO:DTC.noise_correction:Safe-areas updated in  18.66 seconds
INFO:DTC.noise_correction:Created the safe-areas: dict_keys([(3532.0, 2000.5)])
INFO:DTC.noise_correction:Number of remaining safe areas: 10818
INFO:DTC.noise_correction:Safe-areas: dict_keys([(3405.12, 5702.9)]) have been removed in  0.00 seconds
INFO:DTC.noise_correction:Safe-areas updated in  18.42 seconds
INFO:DTC.noise_correction:Created the safe-areas: dict_keys([(3410.5, 5699.5)])
INFO:DTC.noise_correction:Number of remaining safe areas: 10818
INFO:DTC.noise_correction:Safe-areas: dict_keys([(3825.27, 4593.76)]) have been removed in  0.00 seconds
INFO:DTC.noise_correction:Safe-areas updated in  18.77 seconds
INFO:DTC.noise_correction:Created the safe-areas: dict_keys([(3821.12, 4591.0)])
INFO:DTC.noise_correction:Number of remaining safe areas: 10818
INFO:DTC.noise_correction:Safe-areas: dict_keys([(4694.23, 4525.5)]) have been removed in  0.00 seconds
INFO:DTC.noise_correction:Safe-areas updated in  18.66 seconds
INFO:DTC.noise_correction:Created the safe-areas: dict_keys([(4695.0, 4522.0)])
INFO:DTC.noise_correction:Number of remaining safe areas: 10818
INFO:DTC.noise_correction:Safe-areas: dict_keys([(2326.54, 3996.93), (2166.61, 3902.16)]) have been removed in  0.00 seconds
INFO:DTC.noise_correction:Safe-areas updated in  18.73 seconds
INFO:DTC.noise_correction:Created the safe-areas: dict_keys([(2329.0, 3997.5), (2164.0, 3902.0)])
INFO:DTC.noise_correction:Number of remaining safe areas: 10817
INFO:DTC.noise_correction:Safe-areas: dict_keys([(3832.47, 2355.85)]) have been removed in  0.00 seconds
INFO:DTC.noise_correction:Safe-areas updated in  18.51 seconds
INFO:DTC.noise_correction:Created the safe-areas: dict_keys([(3825.0, 2356.75)])
INFO:DTC.noise_correction:Number of remaining safe areas: 10818
INFO:DTC.noise_correction:Safe-areas: dict_keys([(3599.5, 5990.3)]) have been removed in  0.00 seconds
INFO:DTC.noise_correction:Safe-areas updated in  18.74 seconds
INFO:DTC.noise_correction:Created the safe-areas: dict_keys([])
INFO:DTC.noise_correction:Number of remaining safe areas: 10818
INFO:DTC.noise_correction:Safe-areas: dict_keys([(2782.52, 3504.38)]) have been removed in  0.00 seconds
INFO:DTC.noise_correction:Safe-areas updated in  18.32 seconds
INFO:DTC.noise_correction:Created the safe-areas: dict_keys([(2778.5, 3507.0)])
INFO:DTC.noise_correction:Number of remaining safe areas: 10817
INFO:DTC.noise_correction:Safe-areas: dict_keys([(1274.78, 3312.8)]) have been removed in  0.00 seconds
INFO:DTC.noise_correction:Safe-areas updated in  18.46 seconds
INFO:DTC.noise_correction:Created the safe-areas: dict_keys([])
INFO:DTC.noise_correction:Number of remaining safe areas: 10817
INFO:DTC.noise_correction:Safe-areas: dict_keys([(3975.61, 3641.05)]) have been removed in  0.00 seconds
INFO:DTC.noise_correction:Safe-areas updated in  18.59 seconds
INFO:DTC.noise_correction:Created the safe-areas: dict_keys([(3975.5, 3640.5)])
INFO:DTC.noise_correction:Number of remaining safe areas: 10816
INFO:DTC.noise_correction:Safe-areas: dict_keys([(2523.12, 4174.7), (3716.15, 4269.89)]) have been removed in  0.00 seconds
INFO:DTC.noise_correction:Safe-areas updated in  18.55 seconds
INFO:DTC.noise_correction:Created the safe-areas: dict_keys([(2523.5, 4179.5), (3713.5, 4268.0)])
INFO:DTC.noise_correction:Number of remaining safe areas: 10815
INFO:DTC.noise_correction:Safe-areas: dict_keys([(3216.96, 4018.68)]) have been removed in  0.00 seconds
INFO:DTC.noise_correction:Safe-areas updated in  18.44 seconds
INFO:DTC.noise_correction:Created the safe-areas: dict_keys([(3216.5, 4020.0)])
INFO:DTC.noise_correction:Number of remaining safe areas: 10816
INFO:DTC.noise_correction:Safe-areas: dict_keys([(2689.43, 4782.57), (1817.38, 4173.1)]) have been removed in  0.00 seconds
INFO:DTC.noise_correction:Safe-areas updated in  18.99 seconds
INFO:DTC.noise_correction:Created the safe-areas: dict_keys([(2689.1, 4787.1), (1816.17, 4175.17)])
INFO:DTC.noise_correction:Number of remaining safe areas: 10815
INFO:DTC.noise_correction:Safe-areas: dict_keys([(4817.35, 4029.03)]) have been removed in  0.00 seconds
INFO:DTC.noise_correction:Safe-areas updated in  19.44 seconds
INFO:DTC.noise_correction:Created the safe-areas: dict_keys([(4812.75, 4032.0)])
INFO:DTC.noise_correction:Number of remaining safe areas: 10816
INFO:DTC.noise_correction:Safe-areas: dict_keys([(4341.69, 2933.4), (2931.59, 4008.04)]) have been removed in  0.00 seconds
INFO:DTC.noise_correction:Safe-areas updated in  20.25 seconds
INFO:DTC.noise_correction:Created the safe-areas: dict_keys([(2932.21, 4010.93), (4337.0, 2934.0)])
INFO:DTC.noise_correction:Number of remaining safe areas: 10815
INFO:DTC.noise_correction:Safe-areas: dict_keys([(4138.41, 4635.05)]) have been removed in  0.00 seconds
